Flow report for rc4
Sat Jun 15 12:45:31 2024
Quartus Prime Version 16.1.2 Build 203 01/18/2017 SJ Lite Edition


---------------------
; Table of Contents ;
---------------------
  1. Legal Notice
  2. Flow Summary
  3. Flow Settings
  4. Flow Non-Default Global Settings
  5. Flow Elapsed Time
  6. Flow OS Summary
  7. Flow Log
  8. Flow Messages
  9. Flow Suppressed Messages



----------------
; Legal Notice ;
----------------
Copyright (C) 2017  Intel Corporation. All rights reserved.
Your use of Intel Corporation's design tools, logic functions 
and other software and tools, and its AMPP partner logic 
functions, and any output files from any of the foregoing 
(including device programming or simulation files), and any 
associated documentation or information are expressly subject 
to the terms and conditions of the Intel Program License 
Subscription Agreement, the Intel Quartus Prime License Agreement,
the Intel MegaCore Function License Agreement, or other 
applicable license agreement, including, without limitation, 
that your use is for the sole purpose of programming logic 
devices manufactured by Intel and sold by Intel or its 
authorized distributors.  Please refer to the applicable 
agreement for further details.



+-------------------------------------------------------------------------------+
; Flow Summary                                                                  ;
+---------------------------------+---------------------------------------------+
; Flow Status                     ; Successful - Sat Jun 15 12:45:11 2024       ;
; Quartus Prime Version           ; 16.1.2 Build 203 01/18/2017 SJ Lite Edition ;
; Revision Name                   ; rc4                                         ;
; Top-level Entity Name           ; ksa_top                                     ;
; Family                          ; Cyclone V                                   ;
; Device                          ; 5CSEMA5F31C6                                ;
; Timing Models                   ; Final                                       ;
; Logic utilization (in ALMs)     ; 3,308 / 32,070 ( 10 % )                     ;
; Total registers                 ; 7424                                        ;
; Total pins                      ; 69 / 457 ( 15 % )                           ;
; Total virtual pins              ; 0                                           ;
; Total block memory bits         ; 98,560 / 4,065,280 ( 2 % )                  ;
; Total DSP Blocks                ; 0 / 87 ( 0 % )                              ;
; Total HSSI RX PCSs              ; 0                                           ;
; Total HSSI PMA RX Deserializers ; 0                                           ;
; Total HSSI TX PCSs              ; 0                                           ;
; Total HSSI PMA TX Serializers   ; 0                                           ;
; Total PLLs                      ; 0 / 6 ( 0 % )                               ;
; Total DLLs                      ; 0 / 4 ( 0 % )                               ;
+---------------------------------+---------------------------------------------+


+-----------------------------------------+
; Flow Settings                           ;
+-------------------+---------------------+
; Option            ; Setting             ;
+-------------------+---------------------+
; Start date & time ; 06/15/2024 12:41:41 ;
; Main task         ; Compilation         ;
; Revision Name     ; rc4                 ;
+-------------------+---------------------+


+---------------------------------------------------------------------------------------------------------------------------------------------------------------------------------------------------------------------------------------------------------------------------------------------------------------------------------------------------------------------------------------------------------------------------------------------------------------------------------------------------------+
; Flow Non-Default Global Settings                                                                                                                                                                                                                                                                                                                                                                                                                                                                        ;
+---------------------------------------------------+----------------------------------------------------------------------------------------------------------------------------------------------------------------------------------------------------------------------------------------------------------------------------------------------------------------------------------------------------------------------------------------+--------------------+-------------+-------------------------+
; Assignment Name                                   ; Value                                                                                                                                                                                                                                                                                                                                                                                  ; Default Value      ; Entity Name ; Section Id              ;
+---------------------------------------------------+----------------------------------------------------------------------------------------------------------------------------------------------------------------------------------------------------------------------------------------------------------------------------------------------------------------------------------------------------------------------------------------+--------------------+-------------+-------------------------+
; AUTO_RAM_RECOGNITION                              ; Off                                                                                                                                                                                                                                                                                                                                                                                    ; On                 ; --          ; --                      ;
; AUTO_ROM_RECOGNITION                              ; Off                                                                                                                                                                                                                                                                                                                                                                                    ; On                 ; --          ; --                      ;
; BLOCK_RAM_AND_MLAB_EQUIVALENT_POWER_UP_CONDITIONS ; Care                                                                                                                                                                                                                                                                                                                                                                                   ; Auto               ; --          ; --                      ;
; COMPILER_SIGNATURE_ID                             ; 1097601717432.171848050129592                                                                                                                                                                                                                                                                                                                                                          ; --                 ; --          ; --                      ;
; ENABLE_SIGNALTAP                                  ; On                                                                                                                                                                                                                                                                                                                                                                                     ; --                 ; --          ; --                      ;
; EXTRACT_VERILOG_STATE_MACHINES                    ; Off                                                                                                                                                                                                                                                                                                                                                                                    ; On                 ; --          ; --                      ;
; EXTRACT_VHDL_STATE_MACHINES                       ; Off                                                                                                                                                                                                                                                                                                                                                                                    ; On                 ; --          ; --                      ;
; FITTER_EFFORT                                     ; Standard Fit                                                                                                                                                                                                                                                                                                                                                                           ; Auto Fit           ; --          ; --                      ;
; MAX_CORE_JUNCTION_TEMP                            ; 85                                                                                                                                                                                                                                                                                                                                                                                     ; --                 ; --          ; --                      ;
; MIN_CORE_JUNCTION_TEMP                            ; 0                                                                                                                                                                                                                                                                                                                                                                                      ; --                 ; --          ; --                      ;
; MISC_FILE                                         ; s_memory_bb.v                                                                                                                                                                                                                                                                                                                                                                          ; --                 ; --          ; --                      ;
; MISC_FILE                                         ; s_memory.cmp                                                                                                                                                                                                                                                                                                                                                                           ; --                 ; --          ; --                      ;
; MISC_FILE                                         ; ROM_bb.v                                                                                                                                                                                                                                                                                                                                                                               ; --                 ; --          ; --                      ;
; MISC_FILE                                         ; ROM.cmp                                                                                                                                                                                                                                                                                                                                                                                ; --                 ; --          ; --                      ;
; MISC_FILE                                         ; Decoded_RAM_bb.v                                                                                                                                                                                                                                                                                                                                                                       ; --                 ; --          ; --                      ;
; MISC_FILE                                         ; Decoded_RAM.cmp                                                                                                                                                                                                                                                                                                                                                                        ; --                 ; --          ; --                      ;
; MISC_FILE                                         ; Encode_ROM_bb.v                                                                                                                                                                                                                                                                                                                                                                        ; --                 ; --          ; --                      ;
; MISC_FILE                                         ; Encode_ROM.cmp                                                                                                                                                                                                                                                                                                                                                                         ; --                 ; --          ; --                      ;
; OPTIMIZE_POWER_DURING_SYNTHESIS                   ; Off                                                                                                                                                                                                                                                                                                                                                                                    ; Normal compilation ; --          ; --                      ;
; PARTITION_COLOR                                   ; -- (Not supported for targeted family)                                                                                                                                                                                                                                                                                                                                                 ; --                 ; ksa_top     ; Top                     ;
; PARTITION_FITTER_PRESERVATION_LEVEL               ; -- (Not supported for targeted family)                                                                                                                                                                                                                                                                                                                                                 ; --                 ; ksa_top     ; Top                     ;
; PARTITION_NETLIST_TYPE                            ; -- (Not supported for targeted family)                                                                                                                                                                                                                                                                                                                                                 ; --                 ; ksa_top     ; Top                     ;
; PHYSICAL_SYNTHESIS_EFFORT                         ; Fast                                                                                                                                                                                                                                                                                                                                                                                   ; Normal             ; --          ; --                      ;
; PHYSICAL_SYNTHESIS_REGISTER_RETIMING              ; On                                                                                                                                                                                                                                                                                                                                                                                     ; Off                ; --          ; --                      ;
; POWER_BOARD_THERMAL_MODEL                         ; None (CONSERVATIVE)                                                                                                                                                                                                                                                                                                                                                                    ; --                 ; --          ; --                      ;
; POWER_PRESET_COOLING_SOLUTION                     ; 23 MM HEAT SINK WITH 200 LFPM AIRFLOW                                                                                                                                                                                                                                                                                                                                                  ; --                 ; --          ; --                      ;
; PROJECT_OUTPUT_DIRECTORY                          ; output_files                                                                                                                                                                                                                                                                                                                                                                           ; --                 ; --          ; --                      ;
; ROUTER_CLOCKING_TOPOLOGY_ANALYSIS                 ; On                                                                                                                                                                                                                                                                                                                                                                                     ; Off                ; --          ; --                      ;
; SLD_FILE                                          ; db/stp1_auto_stripped.stp                                                                                                                                                                                                                                                                                                                                                              ; --                 ; --          ; --                      ;
; SLD_NODE_CREATOR_ID                               ; 110                                                                                                                                                                                                                                                                                                                                                                                    ; --                 ; --          ; master_state_controller ;
; SLD_NODE_CREATOR_ID                               ; 110                                                                                                                                                                                                                                                                                                                                                                                    ; --                 ; --          ; core1_shuffle_fsm       ;
; SLD_NODE_CREATOR_ID                               ; 110                                                                                                                                                                                                                                                                                                                                                                                    ; --                 ; --          ; auto_signaltap_4        ;
; SLD_NODE_CREATOR_ID                               ; 110                                                                                                                                                                                                                                                                                                                                                                                    ; --                 ; --          ; core1_key_controller    ;
; SLD_NODE_CREATOR_ID                               ; 110                                                                                                                                                                                                                                                                                                                                                                                    ; --                 ; --          ; core1_decrypt_fsm       ;
; SLD_NODE_ENTITY_NAME                              ; sld_signaltap                                                                                                                                                                                                                                                                                                                                                                          ; --                 ; --          ; master_state_controller ;
; SLD_NODE_ENTITY_NAME                              ; sld_signaltap                                                                                                                                                                                                                                                                                                                                                                          ; --                 ; --          ; core1_shuffle_fsm       ;
; SLD_NODE_ENTITY_NAME                              ; sld_signaltap                                                                                                                                                                                                                                                                                                                                                                          ; --                 ; --          ; auto_signaltap_4        ;
; SLD_NODE_ENTITY_NAME                              ; sld_signaltap                                                                                                                                                                                                                                                                                                                                                                          ; --                 ; --          ; core1_key_controller    ;
; SLD_NODE_ENTITY_NAME                              ; sld_signaltap                                                                                                                                                                                                                                                                                                                                                                          ; --                 ; --          ; core1_decrypt_fsm       ;
; SLD_NODE_PARAMETER_ASSIGNMENT                     ; SLD_RAM_BLOCK_TYPE=AUTO                                                                                                                                                                                                                                                                                                                                                                ; --                 ; --          ; master_state_controller ;
; SLD_NODE_PARAMETER_ASSIGNMENT                     ; SLD_DATA_BITS=7                                                                                                                                                                                                                                                                                                                                                                        ; --                 ; --          ; master_state_controller ;
; SLD_NODE_PARAMETER_ASSIGNMENT                     ; SLD_TRIGGER_BITS=7                                                                                                                                                                                                                                                                                                                                                                     ; --                 ; --          ; master_state_controller ;
; SLD_NODE_PARAMETER_ASSIGNMENT                     ; SLD_STORAGE_QUALIFIER_BITS=7                                                                                                                                                                                                                                                                                                                                                           ; --                 ; --          ; master_state_controller ;
; SLD_NODE_PARAMETER_ASSIGNMENT                     ; SLD_NODE_INFO=805334531                                                                                                                                                                                                                                                                                                                                                                ; --                 ; --          ; master_state_controller ;
; SLD_NODE_PARAMETER_ASSIGNMENT                     ; SLD_POWER_UP_TRIGGER=0                                                                                                                                                                                                                                                                                                                                                                 ; --                 ; --          ; master_state_controller ;
; SLD_NODE_PARAMETER_ASSIGNMENT                     ; SLD_INVERSION_MASK=0000000000000000000000000000000000000000000                                                                                                                                                                                                                                                                                                                         ; --                 ; --          ; master_state_controller ;
; SLD_NODE_PARAMETER_ASSIGNMENT                     ; SLD_INVERSION_MASK_LENGTH=43                                                                                                                                                                                                                                                                                                                                                           ; --                 ; --          ; master_state_controller ;
; SLD_NODE_PARAMETER_ASSIGNMENT                     ; SLD_STORAGE_QUALIFIER_INVERSION_MASK_LENGTH=0                                                                                                                                                                                                                                                                                                                                          ; --                 ; --          ; master_state_controller ;
; SLD_NODE_PARAMETER_ASSIGNMENT                     ; SLD_SEGMENT_SIZE=256                                                                                                                                                                                                                                                                                                                                                                   ; --                 ; --          ; master_state_controller ;
; SLD_NODE_PARAMETER_ASSIGNMENT                     ; SLD_ATTRIBUTE_MEM_MODE=OFF                                                                                                                                                                                                                                                                                                                                                             ; --                 ; --          ; master_state_controller ;
; SLD_NODE_PARAMETER_ASSIGNMENT                     ; SLD_STATE_FLOW_USE_GENERATED=0                                                                                                                                                                                                                                                                                                                                                         ; --                 ; --          ; master_state_controller ;
; SLD_NODE_PARAMETER_ASSIGNMENT                     ; SLD_STATE_BITS=11                                                                                                                                                                                                                                                                                                                                                                      ; --                 ; --          ; master_state_controller ;
; SLD_NODE_PARAMETER_ASSIGNMENT                     ; SLD_BUFFER_FULL_STOP=1                                                                                                                                                                                                                                                                                                                                                                 ; --                 ; --          ; master_state_controller ;
; SLD_NODE_PARAMETER_ASSIGNMENT                     ; SLD_CURRENT_RESOURCE_WIDTH=1                                                                                                                                                                                                                                                                                                                                                           ; --                 ; --          ; master_state_controller ;
; SLD_NODE_PARAMETER_ASSIGNMENT                     ; SLD_INCREMENTAL_ROUTING=1                                                                                                                                                                                                                                                                                                                                                              ; --                 ; --          ; master_state_controller ;
; SLD_NODE_PARAMETER_ASSIGNMENT                     ; SLD_TRIGGER_LEVEL=1                                                                                                                                                                                                                                                                                                                                                                    ; --                 ; --          ; master_state_controller ;
; SLD_NODE_PARAMETER_ASSIGNMENT                     ; SLD_SAMPLE_DEPTH=256                                                                                                                                                                                                                                                                                                                                                                   ; --                 ; --          ; master_state_controller ;
; SLD_NODE_PARAMETER_ASSIGNMENT                     ; SLD_TRIGGER_IN_ENABLED=0                                                                                                                                                                                                                                                                                                                                                               ; --                 ; --          ; master_state_controller ;
; SLD_NODE_PARAMETER_ASSIGNMENT                     ; SLD_TRIGGER_PIPELINE=0                                                                                                                                                                                                                                                                                                                                                                 ; --                 ; --          ; master_state_controller ;
; SLD_NODE_PARAMETER_ASSIGNMENT                     ; SLD_RAM_PIPELINE=0                                                                                                                                                                                                                                                                                                                                                                     ; --                 ; --          ; master_state_controller ;
; SLD_NODE_PARAMETER_ASSIGNMENT                     ; SLD_COUNTER_PIPELINE=0                                                                                                                                                                                                                                                                                                                                                                 ; --                 ; --          ; master_state_controller ;
; SLD_NODE_PARAMETER_ASSIGNMENT                     ; SLD_ADVANCED_TRIGGER_ENTITY=basic,1,                                                                                                                                                                                                                                                                                                                                                   ; --                 ; --          ; master_state_controller ;
; SLD_NODE_PARAMETER_ASSIGNMENT                     ; SLD_TRIGGER_LEVEL_PIPELINE=1                                                                                                                                                                                                                                                                                                                                                           ; --                 ; --          ; master_state_controller ;
; SLD_NODE_PARAMETER_ASSIGNMENT                     ; SLD_ENABLE_ADVANCED_TRIGGER=0                                                                                                                                                                                                                                                                                                                                                          ; --                 ; --          ; master_state_controller ;
; SLD_NODE_PARAMETER_ASSIGNMENT                     ; SLD_RAM_BLOCK_TYPE=AUTO                                                                                                                                                                                                                                                                                                                                                                ; --                 ; --          ; core1_shuffle_fsm       ;
; SLD_NODE_PARAMETER_ASSIGNMENT                     ; SLD_DATA_BITS=75                                                                                                                                                                                                                                                                                                                                                                       ; --                 ; --          ; core1_shuffle_fsm       ;
; SLD_NODE_PARAMETER_ASSIGNMENT                     ; SLD_TRIGGER_BITS=75                                                                                                                                                                                                                                                                                                                                                                    ; --                 ; --          ; core1_shuffle_fsm       ;
; SLD_NODE_PARAMETER_ASSIGNMENT                     ; SLD_STORAGE_QUALIFIER_BITS=75                                                                                                                                                                                                                                                                                                                                                          ; --                 ; --          ; core1_shuffle_fsm       ;
; SLD_NODE_PARAMETER_ASSIGNMENT                     ; SLD_NODE_INFO=805334529                                                                                                                                                                                                                                                                                                                                                                ; --                 ; --          ; core1_shuffle_fsm       ;
; SLD_NODE_PARAMETER_ASSIGNMENT                     ; SLD_POWER_UP_TRIGGER=0                                                                                                                                                                                                                                                                                                                                                                 ; --                 ; --          ; core1_shuffle_fsm       ;
; SLD_NODE_PARAMETER_ASSIGNMENT                     ; SLD_INVERSION_MASK=0000000000000000000000000000000000000000000000000000000000000000000000000000000000000000000000000000000000000000000000000000000000000000000000000000000000000000000000000000000000000000000000000000000000000000000000000000000000000000000000000000000                                                                                                             ; --                 ; --          ; core1_shuffle_fsm       ;
; SLD_NODE_PARAMETER_ASSIGNMENT                     ; SLD_INVERSION_MASK_LENGTH=247                                                                                                                                                                                                                                                                                                                                                          ; --                 ; --          ; core1_shuffle_fsm       ;
; SLD_NODE_PARAMETER_ASSIGNMENT                     ; SLD_STORAGE_QUALIFIER_INVERSION_MASK_LENGTH=0                                                                                                                                                                                                                                                                                                                                          ; --                 ; --          ; core1_shuffle_fsm       ;
; SLD_NODE_PARAMETER_ASSIGNMENT                     ; SLD_SEGMENT_SIZE=256                                                                                                                                                                                                                                                                                                                                                                   ; --                 ; --          ; core1_shuffle_fsm       ;
; SLD_NODE_PARAMETER_ASSIGNMENT                     ; SLD_ATTRIBUTE_MEM_MODE=OFF                                                                                                                                                                                                                                                                                                                                                             ; --                 ; --          ; core1_shuffle_fsm       ;
; SLD_NODE_PARAMETER_ASSIGNMENT                     ; SLD_STATE_FLOW_USE_GENERATED=0                                                                                                                                                                                                                                                                                                                                                         ; --                 ; --          ; core1_shuffle_fsm       ;
; SLD_NODE_PARAMETER_ASSIGNMENT                     ; SLD_STATE_BITS=11                                                                                                                                                                                                                                                                                                                                                                      ; --                 ; --          ; core1_shuffle_fsm       ;
; SLD_NODE_PARAMETER_ASSIGNMENT                     ; SLD_BUFFER_FULL_STOP=1                                                                                                                                                                                                                                                                                                                                                                 ; --                 ; --          ; core1_shuffle_fsm       ;
; SLD_NODE_PARAMETER_ASSIGNMENT                     ; SLD_CURRENT_RESOURCE_WIDTH=1                                                                                                                                                                                                                                                                                                                                                           ; --                 ; --          ; core1_shuffle_fsm       ;
; SLD_NODE_PARAMETER_ASSIGNMENT                     ; SLD_INCREMENTAL_ROUTING=1                                                                                                                                                                                                                                                                                                                                                              ; --                 ; --          ; core1_shuffle_fsm       ;
; SLD_NODE_PARAMETER_ASSIGNMENT                     ; SLD_TRIGGER_LEVEL=1                                                                                                                                                                                                                                                                                                                                                                    ; --                 ; --          ; core1_shuffle_fsm       ;
; SLD_NODE_PARAMETER_ASSIGNMENT                     ; SLD_SAMPLE_DEPTH=256                                                                                                                                                                                                                                                                                                                                                                   ; --                 ; --          ; core1_shuffle_fsm       ;
; SLD_NODE_PARAMETER_ASSIGNMENT                     ; SLD_TRIGGER_IN_ENABLED=0                                                                                                                                                                                                                                                                                                                                                               ; --                 ; --          ; core1_shuffle_fsm       ;
; SLD_NODE_PARAMETER_ASSIGNMENT                     ; SLD_TRIGGER_PIPELINE=0                                                                                                                                                                                                                                                                                                                                                                 ; --                 ; --          ; core1_shuffle_fsm       ;
; SLD_NODE_PARAMETER_ASSIGNMENT                     ; SLD_RAM_PIPELINE=0                                                                                                                                                                                                                                                                                                                                                                     ; --                 ; --          ; core1_shuffle_fsm       ;
; SLD_NODE_PARAMETER_ASSIGNMENT                     ; SLD_COUNTER_PIPELINE=0                                                                                                                                                                                                                                                                                                                                                                 ; --                 ; --          ; core1_shuffle_fsm       ;
; SLD_NODE_PARAMETER_ASSIGNMENT                     ; SLD_ADVANCED_TRIGGER_ENTITY=basic,1,                                                                                                                                                                                                                                                                                                                                                   ; --                 ; --          ; core1_shuffle_fsm       ;
; SLD_NODE_PARAMETER_ASSIGNMENT                     ; SLD_TRIGGER_LEVEL_PIPELINE=1                                                                                                                                                                                                                                                                                                                                                           ; --                 ; --          ; core1_shuffle_fsm       ;
; SLD_NODE_PARAMETER_ASSIGNMENT                     ; SLD_ENABLE_ADVANCED_TRIGGER=0                                                                                                                                                                                                                                                                                                                                                          ; --                 ; --          ; core1_shuffle_fsm       ;
; SLD_NODE_PARAMETER_ASSIGNMENT                     ; SLD_RAM_BLOCK_TYPE=AUTO                                                                                                                                                                                                                                                                                                                                                                ; --                 ; --          ; auto_signaltap_4        ;
; SLD_NODE_PARAMETER_ASSIGNMENT                     ; SLD_DATA_BITS=111                                                                                                                                                                                                                                                                                                                                                                      ; --                 ; --          ; auto_signaltap_4        ;
; SLD_NODE_PARAMETER_ASSIGNMENT                     ; SLD_TRIGGER_BITS=111                                                                                                                                                                                                                                                                                                                                                                   ; --                 ; --          ; auto_signaltap_4        ;
; SLD_NODE_PARAMETER_ASSIGNMENT                     ; SLD_STORAGE_QUALIFIER_BITS=111                                                                                                                                                                                                                                                                                                                                                         ; --                 ; --          ; auto_signaltap_4        ;
; SLD_NODE_PARAMETER_ASSIGNMENT                     ; SLD_NODE_INFO=805334532                                                                                                                                                                                                                                                                                                                                                                ; --                 ; --          ; auto_signaltap_4        ;
; SLD_NODE_PARAMETER_ASSIGNMENT                     ; SLD_POWER_UP_TRIGGER=0                                                                                                                                                                                                                                                                                                                                                                 ; --                 ; --          ; auto_signaltap_4        ;
; SLD_NODE_PARAMETER_ASSIGNMENT                     ; SLD_INVERSION_MASK=0000000000000000000000000000000000000000000000000000000000000000000000000000000000000000000000000000000000000000000000000000000000000000000000000000000000000000000000000000000000000000000000000000000000000000000000000000000000000000000000000000000000000000000000000000000000000000000000000000000000000000000000000000000000000000000000000000000000000000000 ; --                 ; --          ; auto_signaltap_4        ;
; SLD_NODE_PARAMETER_ASSIGNMENT                     ; SLD_INVERSION_MASK_LENGTH=355                                                                                                                                                                                                                                                                                                                                                          ; --                 ; --          ; auto_signaltap_4        ;
; SLD_NODE_PARAMETER_ASSIGNMENT                     ; SLD_STORAGE_QUALIFIER_INVERSION_MASK_LENGTH=0                                                                                                                                                                                                                                                                                                                                          ; --                 ; --          ; auto_signaltap_4        ;
; SLD_NODE_PARAMETER_ASSIGNMENT                     ; SLD_SEGMENT_SIZE=256                                                                                                                                                                                                                                                                                                                                                                   ; --                 ; --          ; auto_signaltap_4        ;
; SLD_NODE_PARAMETER_ASSIGNMENT                     ; SLD_ATTRIBUTE_MEM_MODE=OFF                                                                                                                                                                                                                                                                                                                                                             ; --                 ; --          ; auto_signaltap_4        ;
; SLD_NODE_PARAMETER_ASSIGNMENT                     ; SLD_STATE_FLOW_USE_GENERATED=0                                                                                                                                                                                                                                                                                                                                                         ; --                 ; --          ; auto_signaltap_4        ;
; SLD_NODE_PARAMETER_ASSIGNMENT                     ; SLD_STATE_BITS=11                                                                                                                                                                                                                                                                                                                                                                      ; --                 ; --          ; auto_signaltap_4        ;
; SLD_NODE_PARAMETER_ASSIGNMENT                     ; SLD_BUFFER_FULL_STOP=1                                                                                                                                                                                                                                                                                                                                                                 ; --                 ; --          ; auto_signaltap_4        ;
; SLD_NODE_PARAMETER_ASSIGNMENT                     ; SLD_CURRENT_RESOURCE_WIDTH=1                                                                                                                                                                                                                                                                                                                                                           ; --                 ; --          ; auto_signaltap_4        ;
; SLD_NODE_PARAMETER_ASSIGNMENT                     ; SLD_INCREMENTAL_ROUTING=1                                                                                                                                                                                                                                                                                                                                                              ; --                 ; --          ; auto_signaltap_4        ;
; SLD_NODE_PARAMETER_ASSIGNMENT                     ; SLD_TRIGGER_LEVEL=1                                                                                                                                                                                                                                                                                                                                                                    ; --                 ; --          ; auto_signaltap_4        ;
; SLD_NODE_PARAMETER_ASSIGNMENT                     ; SLD_SAMPLE_DEPTH=256                                                                                                                                                                                                                                                                                                                                                                   ; --                 ; --          ; auto_signaltap_4        ;
; SLD_NODE_PARAMETER_ASSIGNMENT                     ; SLD_TRIGGER_IN_ENABLED=0                                                                                                                                                                                                                                                                                                                                                               ; --                 ; --          ; auto_signaltap_4        ;
; SLD_NODE_PARAMETER_ASSIGNMENT                     ; SLD_TRIGGER_PIPELINE=0                                                                                                                                                                                                                                                                                                                                                                 ; --                 ; --          ; auto_signaltap_4        ;
; SLD_NODE_PARAMETER_ASSIGNMENT                     ; SLD_RAM_PIPELINE=0                                                                                                                                                                                                                                                                                                                                                                     ; --                 ; --          ; auto_signaltap_4        ;
; SLD_NODE_PARAMETER_ASSIGNMENT                     ; SLD_COUNTER_PIPELINE=0                                                                                                                                                                                                                                                                                                                                                                 ; --                 ; --          ; auto_signaltap_4        ;
; SLD_NODE_PARAMETER_ASSIGNMENT                     ; SLD_ADVANCED_TRIGGER_ENTITY=basic,1,                                                                                                                                                                                                                                                                                                                                                   ; --                 ; --          ; auto_signaltap_4        ;
; SLD_NODE_PARAMETER_ASSIGNMENT                     ; SLD_TRIGGER_LEVEL_PIPELINE=1                                                                                                                                                                                                                                                                                                                                                           ; --                 ; --          ; auto_signaltap_4        ;
; SLD_NODE_PARAMETER_ASSIGNMENT                     ; SLD_ENABLE_ADVANCED_TRIGGER=0                                                                                                                                                                                                                                                                                                                                                          ; --                 ; --          ; auto_signaltap_4        ;
; SLD_NODE_PARAMETER_ASSIGNMENT                     ; SLD_RAM_BLOCK_TYPE=AUTO                                                                                                                                                                                                                                                                                                                                                                ; --                 ; --          ; core1_key_controller    ;
; SLD_NODE_PARAMETER_ASSIGNMENT                     ; SLD_DATA_BITS=42                                                                                                                                                                                                                                                                                                                                                                       ; --                 ; --          ; core1_key_controller    ;
; SLD_NODE_PARAMETER_ASSIGNMENT                     ; SLD_TRIGGER_BITS=42                                                                                                                                                                                                                                                                                                                                                                    ; --                 ; --          ; core1_key_controller    ;
; SLD_NODE_PARAMETER_ASSIGNMENT                     ; SLD_STORAGE_QUALIFIER_BITS=42                                                                                                                                                                                                                                                                                                                                                          ; --                 ; --          ; core1_key_controller    ;
; SLD_NODE_PARAMETER_ASSIGNMENT                     ; SLD_NODE_INFO=805334530                                                                                                                                                                                                                                                                                                                                                                ; --                 ; --          ; core1_key_controller    ;
; SLD_NODE_PARAMETER_ASSIGNMENT                     ; SLD_POWER_UP_TRIGGER=0                                                                                                                                                                                                                                                                                                                                                                 ; --                 ; --          ; core1_key_controller    ;
; SLD_NODE_PARAMETER_ASSIGNMENT                     ; SLD_INVERSION_MASK=0000000000000000000000000000000000000000000000000000000000000000000000000000000000000000000000000000000000000000000000000000000000000000000000000000                                                                                                                                                                                                                ; --                 ; --          ; core1_key_controller    ;
; SLD_NODE_PARAMETER_ASSIGNMENT                     ; SLD_INVERSION_MASK_LENGTH=148                                                                                                                                                                                                                                                                                                                                                          ; --                 ; --          ; core1_key_controller    ;
; SLD_NODE_PARAMETER_ASSIGNMENT                     ; SLD_STORAGE_QUALIFIER_INVERSION_MASK_LENGTH=0                                                                                                                                                                                                                                                                                                                                          ; --                 ; --          ; core1_key_controller    ;
; SLD_NODE_PARAMETER_ASSIGNMENT                     ; SLD_SEGMENT_SIZE=256                                                                                                                                                                                                                                                                                                                                                                   ; --                 ; --          ; core1_key_controller    ;
; SLD_NODE_PARAMETER_ASSIGNMENT                     ; SLD_ATTRIBUTE_MEM_MODE=OFF                                                                                                                                                                                                                                                                                                                                                             ; --                 ; --          ; core1_key_controller    ;
; SLD_NODE_PARAMETER_ASSIGNMENT                     ; SLD_STATE_FLOW_USE_GENERATED=0                                                                                                                                                                                                                                                                                                                                                         ; --                 ; --          ; core1_key_controller    ;
; SLD_NODE_PARAMETER_ASSIGNMENT                     ; SLD_STATE_BITS=11                                                                                                                                                                                                                                                                                                                                                                      ; --                 ; --          ; core1_key_controller    ;
; SLD_NODE_PARAMETER_ASSIGNMENT                     ; SLD_BUFFER_FULL_STOP=1                                                                                                                                                                                                                                                                                                                                                                 ; --                 ; --          ; core1_key_controller    ;
; SLD_NODE_PARAMETER_ASSIGNMENT                     ; SLD_CURRENT_RESOURCE_WIDTH=1                                                                                                                                                                                                                                                                                                                                                           ; --                 ; --          ; core1_key_controller    ;
; SLD_NODE_PARAMETER_ASSIGNMENT                     ; SLD_INCREMENTAL_ROUTING=1                                                                                                                                                                                                                                                                                                                                                              ; --                 ; --          ; core1_key_controller    ;
; SLD_NODE_PARAMETER_ASSIGNMENT                     ; SLD_TRIGGER_LEVEL=1                                                                                                                                                                                                                                                                                                                                                                    ; --                 ; --          ; core1_key_controller    ;
; SLD_NODE_PARAMETER_ASSIGNMENT                     ; SLD_SAMPLE_DEPTH=256                                                                                                                                                                                                                                                                                                                                                                   ; --                 ; --          ; core1_key_controller    ;
; SLD_NODE_PARAMETER_ASSIGNMENT                     ; SLD_TRIGGER_IN_ENABLED=0                                                                                                                                                                                                                                                                                                                                                               ; --                 ; --          ; core1_key_controller    ;
; SLD_NODE_PARAMETER_ASSIGNMENT                     ; SLD_TRIGGER_PIPELINE=0                                                                                                                                                                                                                                                                                                                                                                 ; --                 ; --          ; core1_key_controller    ;
; SLD_NODE_PARAMETER_ASSIGNMENT                     ; SLD_RAM_PIPELINE=0                                                                                                                                                                                                                                                                                                                                                                     ; --                 ; --          ; core1_key_controller    ;
; SLD_NODE_PARAMETER_ASSIGNMENT                     ; SLD_COUNTER_PIPELINE=0                                                                                                                                                                                                                                                                                                                                                                 ; --                 ; --          ; core1_key_controller    ;
; SLD_NODE_PARAMETER_ASSIGNMENT                     ; SLD_ADVANCED_TRIGGER_ENTITY=basic,1,                                                                                                                                                                                                                                                                                                                                                   ; --                 ; --          ; core1_key_controller    ;
; SLD_NODE_PARAMETER_ASSIGNMENT                     ; SLD_TRIGGER_LEVEL_PIPELINE=1                                                                                                                                                                                                                                                                                                                                                           ; --                 ; --          ; core1_key_controller    ;
; SLD_NODE_PARAMETER_ASSIGNMENT                     ; SLD_ENABLE_ADVANCED_TRIGGER=0                                                                                                                                                                                                                                                                                                                                                          ; --                 ; --          ; core1_key_controller    ;
; SLD_NODE_PARAMETER_ASSIGNMENT                     ; SLD_RAM_BLOCK_TYPE=AUTO                                                                                                                                                                                                                                                                                                                                                                ; --                 ; --          ; core1_decrypt_fsm       ;
; SLD_NODE_PARAMETER_ASSIGNMENT                     ; SLD_DATA_BITS=110                                                                                                                                                                                                                                                                                                                                                                      ; --                 ; --          ; core1_decrypt_fsm       ;
; SLD_NODE_PARAMETER_ASSIGNMENT                     ; SLD_TRIGGER_BITS=110                                                                                                                                                                                                                                                                                                                                                                   ; --                 ; --          ; core1_decrypt_fsm       ;
; SLD_NODE_PARAMETER_ASSIGNMENT                     ; SLD_STORAGE_QUALIFIER_BITS=110                                                                                                                                                                                                                                                                                                                                                         ; --                 ; --          ; core1_decrypt_fsm       ;
; SLD_NODE_PARAMETER_ASSIGNMENT                     ; SLD_NODE_INFO=805334528                                                                                                                                                                                                                                                                                                                                                                ; --                 ; --          ; core1_decrypt_fsm       ;
; SLD_NODE_PARAMETER_ASSIGNMENT                     ; SLD_POWER_UP_TRIGGER=0                                                                                                                                                                                                                                                                                                                                                                 ; --                 ; --          ; core1_decrypt_fsm       ;
; SLD_NODE_PARAMETER_ASSIGNMENT                     ; SLD_INVERSION_MASK=0000000000000000000000000000000000000000000000000000000000000000000000000000000000000000000000000000000000000000000000000000000000000000000000000000000000000000000000000000000000000000000000000000000000000000000000000000000000000000000000000000000000000000000000000000000000000000000000000000000000000000000000000000000000000000000000000000000000000000    ; --                 ; --          ; core1_decrypt_fsm       ;
; SLD_NODE_PARAMETER_ASSIGNMENT                     ; SLD_INVERSION_MASK_LENGTH=352                                                                                                                                                                                                                                                                                                                                                          ; --                 ; --          ; core1_decrypt_fsm       ;
; SLD_NODE_PARAMETER_ASSIGNMENT                     ; SLD_STORAGE_QUALIFIER_INVERSION_MASK_LENGTH=0                                                                                                                                                                                                                                                                                                                                          ; --                 ; --          ; core1_decrypt_fsm       ;
; SLD_NODE_PARAMETER_ASSIGNMENT                     ; SLD_SEGMENT_SIZE=256                                                                                                                                                                                                                                                                                                                                                                   ; --                 ; --          ; core1_decrypt_fsm       ;
; SLD_NODE_PARAMETER_ASSIGNMENT                     ; SLD_ATTRIBUTE_MEM_MODE=OFF                                                                                                                                                                                                                                                                                                                                                             ; --                 ; --          ; core1_decrypt_fsm       ;
; SLD_NODE_PARAMETER_ASSIGNMENT                     ; SLD_STATE_FLOW_USE_GENERATED=0                                                                                                                                                                                                                                                                                                                                                         ; --                 ; --          ; core1_decrypt_fsm       ;
; SLD_NODE_PARAMETER_ASSIGNMENT                     ; SLD_STATE_BITS=11                                                                                                                                                                                                                                                                                                                                                                      ; --                 ; --          ; core1_decrypt_fsm       ;
; SLD_NODE_PARAMETER_ASSIGNMENT                     ; SLD_BUFFER_FULL_STOP=1                                                                                                                                                                                                                                                                                                                                                                 ; --                 ; --          ; core1_decrypt_fsm       ;
; SLD_NODE_PARAMETER_ASSIGNMENT                     ; SLD_CURRENT_RESOURCE_WIDTH=1                                                                                                                                                                                                                                                                                                                                                           ; --                 ; --          ; core1_decrypt_fsm       ;
; SLD_NODE_PARAMETER_ASSIGNMENT                     ; SLD_INCREMENTAL_ROUTING=1                                                                                                                                                                                                                                                                                                                                                              ; --                 ; --          ; core1_decrypt_fsm       ;
; SLD_NODE_PARAMETER_ASSIGNMENT                     ; SLD_TRIGGER_LEVEL=1                                                                                                                                                                                                                                                                                                                                                                    ; --                 ; --          ; core1_decrypt_fsm       ;
; SLD_NODE_PARAMETER_ASSIGNMENT                     ; SLD_SAMPLE_DEPTH=256                                                                                                                                                                                                                                                                                                                                                                   ; --                 ; --          ; core1_decrypt_fsm       ;
; SLD_NODE_PARAMETER_ASSIGNMENT                     ; SLD_TRIGGER_IN_ENABLED=0                                                                                                                                                                                                                                                                                                                                                               ; --                 ; --          ; core1_decrypt_fsm       ;
; SLD_NODE_PARAMETER_ASSIGNMENT                     ; SLD_TRIGGER_PIPELINE=0                                                                                                                                                                                                                                                                                                                                                                 ; --                 ; --          ; core1_decrypt_fsm       ;
; SLD_NODE_PARAMETER_ASSIGNMENT                     ; SLD_RAM_PIPELINE=0                                                                                                                                                                                                                                                                                                                                                                     ; --                 ; --          ; core1_decrypt_fsm       ;
; SLD_NODE_PARAMETER_ASSIGNMENT                     ; SLD_COUNTER_PIPELINE=0                                                                                                                                                                                                                                                                                                                                                                 ; --                 ; --          ; core1_decrypt_fsm       ;
; SLD_NODE_PARAMETER_ASSIGNMENT                     ; SLD_ADVANCED_TRIGGER_ENTITY=basic,1,                                                                                                                                                                                                                                                                                                                                                   ; --                 ; --          ; core1_decrypt_fsm       ;
; SLD_NODE_PARAMETER_ASSIGNMENT                     ; SLD_TRIGGER_LEVEL_PIPELINE=1                                                                                                                                                                                                                                                                                                                                                           ; --                 ; --          ; core1_decrypt_fsm       ;
; SLD_NODE_PARAMETER_ASSIGNMENT                     ; SLD_ENABLE_ADVANCED_TRIGGER=0                                                                                                                                                                                                                                                                                                                                                          ; --                 ; --          ; core1_decrypt_fsm       ;
; SYNCHRONIZATION_REGISTER_CHAIN_LENGTH             ; 2                                                                                                                                                                                                                                                                                                                                                                                      ; 3                  ; --          ; --                      ;
; TOP_LEVEL_ENTITY                                  ; ksa_top                                                                                                                                                                                                                                                                                                                                                                                ; rc4                ; --          ; --                      ;
; USE_SIGNALTAP_FILE                                ; stp1.stp                                                                                                                                                                                                                                                                                                                                                                               ; --                 ; --          ; --                      ;
; VERILOG_INPUT_VERSION                             ; SystemVerilog_2005                                                                                                                                                                                                                                                                                                                                                                     ; Verilog_2001       ; --          ; --                      ;
; VERILOG_NON_CONSTANT_LOOP_LIMIT                   ; 5000                                                                                                                                                                                                                                                                                                                                                                                   ; 250                ; --          ; --                      ;
; VERILOG_SHOW_LMF_MAPPING_MESSAGES                 ; Off                                                                                                                                                                                                                                                                                                                                                                                    ; --                 ; --          ; --                      ;
+---------------------------------------------------+----------------------------------------------------------------------------------------------------------------------------------------------------------------------------------------------------------------------------------------------------------------------------------------------------------------------------------------------------------------------------------------+--------------------+-------------+-------------------------+


+-------------------------------------------------------------------------------------------------------------------------------+
; Flow Elapsed Time                                                                                                             ;
+---------------------------+--------------+-------------------------+---------------------+------------------------------------+
; Module Name               ; Elapsed Time ; Average Processors Used ; Peak Virtual Memory ; Total CPU Time (on all processors) ;
+---------------------------+--------------+-------------------------+---------------------+------------------------------------+
; Analysis & Synthesis      ; 00:00:48     ; 1.0                     ; 5032 MB             ; 00:00:28                           ;
; Fitter                    ; 00:02:22     ; 1.3                     ; 6819 MB             ; 00:02:16                           ;
; Assembler                 ; 00:00:12     ; 1.0                     ; 4898 MB             ; 00:00:04                           ;
; TimeQuest Timing Analyzer ; 00:00:19     ; 2.5                     ; 5300 MB             ; 00:00:19                           ;
; Total                     ; 00:03:41     ; --                      ; --                  ; 00:03:07                           ;
+---------------------------+--------------+-------------------------+---------------------+------------------------------------+


+-----------------------------------------------------------------------------------------+
; Flow OS Summary                                                                         ;
+---------------------------+------------------+------------+------------+----------------+
; Module Name               ; Machine Hostname ; OS Name    ; OS Version ; Processor type ;
+---------------------------+------------------+------------+------------+----------------+
; Analysis & Synthesis      ; LAPTOP-VB7D9HG7  ; Windows 10 ; 10.0       ; x86_64         ;
; Fitter                    ; LAPTOP-VB7D9HG7  ; Windows 10 ; 10.0       ; x86_64         ;
; Assembler                 ; LAPTOP-VB7D9HG7  ; Windows 10 ; 10.0       ; x86_64         ;
; TimeQuest Timing Analyzer ; LAPTOP-VB7D9HG7  ; Windows 10 ; 10.0       ; x86_64         ;
+---------------------------+------------------+------------+------------+----------------+


------------
; Flow Log ;
------------
quartus_map --read_settings_files=on --write_settings_files=off rc4 -c rc4
quartus_fit --read_settings_files=off --write_settings_files=off rc4 -c rc4
quartus_asm --read_settings_files=off --write_settings_files=off rc4 -c rc4
quartus_sta rc4 -c rc4



